app/build/intermediates/manifest_merge_blame_file/release/manifest-merger-blame-release-report.txt
1<?xml version="1.0" encoding="utf-8"?>
2<manifest xmlns:android="http://schemas.android.com/apk/res/android"
3    package="com.senao.warehouse"
4    android:versionCode="376"
5    android:versionName="3.55.1.2" >
6
7    <uses-sdk
8        android:minSdkVersion="15"
8-->src\main\AndroidManifest.xml
9        android:targetSdkVersion="28" /> <!-- Tim .8  Ann .2 Wilson .7 -->
9-->src\main\AndroidManifest.xml
10    <!-- now 374  3.54.22.2 -->
11    <!-- 367    3.54.15.2   因應神準進料後轉賣給越南神準不換標(20251113) -->
12    <!-- 368    3.54.16.2   越南不呼叫 apiportal、scmportal(20251126) -->
13    <!-- 370    3.54.18.2   收料作業，QRCODE增加COO(20260105) -->
14    <!--
15         371    3.54.19.2   進貨標籤列印作業:藍芽、Wifi列印標籤增加COO(20260108) PrintMaterialLabelActivity(+欄位)、BtPrintLabel
16         372    3.54.20.2   材料拆包作業:藍芽、Wifi列印標籤增加COO(20260116) MaterialSplitPackingActivity(+欄位)、BtPrintLabel
17         373    3.54.21.2   材料標籤補標作業:藍芽、Wifi列印標籤增加COO(20260114) PrintLabelActivity(+欄位)、BtPrintLabel
18         374    3.54.22.2   製令標籤補標作業:藍芽、Wifi列印標籤增加COO(20260120) WoLabelPrintActivity(+欄位)、BtPrintLabel
19                            登入時檢查版本需更新時，下載以及安裝方式(20260121) LoginActivity
20    -->
21    <!--
22         375    3.54.23.2   製令發料扣帳作業:(20260122) MaterialSendingProcessActivity(+欄位)、MaterialSendingSubinventoryTransferActivity、BtPrintLabel
23                            製令發料轉倉作業:(20260126) MaterialSendingTransferActivity
24                            製令發料檢核作業:(20260128) MaterialSendingVerifyProcessActivity 是否允許新版標籤格式
25    -->
26    <!-- 376    3.55.1.2    調整連線設定介面，以便不同環境(台灣、VN)呼叫API的URL更彈性，原寫在連線設定及warehouse.properties(20260213) ConnectionSettingMActivity(+欄位) -->
27
28
29    <!-- 584 3.42 新增列表項 Fortint入庫卡控 變更codesoft網只 -->
30    <!-- 0219 590 3.44 -->
31    <!-- 3.49.4 Force Approved 100,76  RMA列印 -->
32    <!-- 3.49.2 BLD檢查倉別儲位 -->
33    <!-- 3.49.1 codesoft2 -->
34    <!-- 634 3.54.12.2  1.增加越文顯示 2.調整選擇語系的方式  20250710 -->
35    <uses-permission android:name="android.permission.BLUETOOTH_CONNECT" />
35-->src\main\AndroidManifest.xml:28:5-76
35-->src\main\AndroidManifest.xml:28:22-73
36    <uses-permission android:name="android.permission.BLUETOOTH_CONNECT" />
36-->src\main\AndroidManifest.xml:28:5-76
36-->src\main\AndroidManifest.xml:28:22-73
37    <uses-permission android:name="android.permission.WRITE_EXTERNAL_STORAGE" />
37-->src\main\AndroidManifest.xml:30:5-81
37-->src\main\AndroidManifest.xml:30:22-78
38    <uses-permission android:name="android.permission.BLUETOOTH" />
38-->src\main\AndroidManifest.xml:31:5-68
38-->src\main\AndroidManifest.xml:31:22-65
39    <uses-permission android:name="android.permission.BLUETOOTH_ADMIN" />
39-->src\main\AndroidManifest.xml:32:5-74
39-->src\main\AndroidManifest.xml:32:22-71
40    <uses-permission android:name="android.permission.READ_EXTERNAL_STORAGE" />
40-->src\main\AndroidManifest.xml:33:5-80
40-->src\main\AndroidManifest.xml:33:22-77
41    <uses-permission android:name="android.permission.INTERNET" />
41-->src\main\AndroidManifest.xml:34:5-67
41-->src\main\AndroidManifest.xml:34:22-64
42    <uses-permission android:name="android.permission.READ_PHONE_STATE" />
42-->src\main\AndroidManifest.xml:35:5-75
42-->src\main\AndroidManifest.xml:35:22-72
43    <uses-permission android:name="android.permission.WAKE_LOCK" />
43-->src\main\AndroidManifest.xml:36:5-68
43-->src\main\AndroidManifest.xml:36:22-65
44    <uses-permission android:name="android.permission.REQUEST_INSTALL_PACKAGES" />
44-->src\main\AndroidManifest.xml:37:5-83
44-->src\main\AndroidManifest.xml:37:22-80
45
46    <application
46-->src\main\AndroidManifest.xml:39:5-605:19
47        android:name="com.senao.warehouse.AppController"
47-->src\main\AndroidManifest.xml:40:9-38
48        android:allowBackup="true"
48-->src\main\AndroidManifest.xml:41:9-35
49        android:appComponentFactory="android.support.v4.app.CoreComponentFactory"
49-->[com.android.support:support-compat:28.0.0] AndroidManifest.xml:22:18-91
50        android:fullBackupContent="false"
50-->src\main\AndroidManifest.xml:42:9-42
51        android:hardwareAccelerated="true"
51-->src\main\AndroidManifest.xml:43:9-43
52        android:icon="@drawable/ic_launcher"
52-->src\main\AndroidManifest.xml:44:9-45
53        android:label="@string/app_name"
53-->src\main\AndroidManifest.xml:45:9-41
54        android:networkSecurityConfig="@xml/network_security_config"
54-->src\main\AndroidManifest.xml:46:9-69
55        android:supportsRtl="true"
55-->src\main\AndroidManifest.xml:47:9-35
56        android:theme="@android:style/Theme.DeviceDefault.NoActionBar.Fullscreen" >
56-->src\main\AndroidManifest.xml:48:9-82
57
58        <!--
59        XXX測試
60        <activity
61            android:name=".ui.A_test"
62            android:configChanges="orientation"
63            android:label="@string/title_test_name"
64            android:screenOrientation="portrait"
65            android:windowSoftInputMode="stateHidden" />
66        <activity
67            android:name=".ui.A_test2"
68            android:configChanges="orientation"
69            android:label="@string/title_test_name"
70            android:screenOrientation="portrait"
71            android:windowSoftInputMode="stateHidden" />
72        -->
73
74        <activity
74-->src\main\AndroidManifest.xml:66:9-77:20
75            android:name="com.senao.warehouse.ui.LoginActivity"
75-->src\main\AndroidManifest.xml:67:13-45
76            android:configChanges="orientation"
76-->src\main\AndroidManifest.xml:68:13-48
77            android:label="@string/app_name"
77-->src\main\AndroidManifest.xml:69:13-45
78            android:screenOrientation="portrait"
78-->src\main\AndroidManifest.xml:70:13-49
79            android:windowSoftInputMode="stateHidden" >
79-->src\main\AndroidManifest.xml:71:13-54
80            <intent-filter>
80-->src\main\AndroidManifest.xml:72:13-76:29
81                <action android:name="android.intent.action.MAIN" />
81-->src\main\AndroidManifest.xml:73:17-69
81-->src\main\AndroidManifest.xml:73:25-66
82
83                <category android:name="android.intent.category.LAUNCHER" />
83-->src\main\AndroidManifest.xml:75:17-77
83-->src\main\AndroidManifest.xml:75:27-74
84            </intent-filter>
85        </activity>
86        <activity
86-->src\main\AndroidManifest.xml:79:9-84:57
87            android:name="com.senao.warehouse.ui.CustomPrintActivity"
87-->src\main\AndroidManifest.xml:80:13-51
88            android:configChanges="orientation"
88-->src\main\AndroidManifest.xml:81:13-48
89            android:label="@string/title_activity_custom_print"
89-->src\main\AndroidManifest.xml:82:13-64
90            android:screenOrientation="portrait"
90-->src\main\AndroidManifest.xml:83:13-49
91            android:windowSoftInputMode="stateHidden" />
91-->src\main\AndroidManifest.xml:84:13-54
92        <activity
92-->src\main\AndroidManifest.xml:87:9-92:57
93            android:name="com.senao.warehouse.ui.OobaSnListActivity"
93-->src\main\AndroidManifest.xml:88:13-50
94            android:configChanges="orientation"
94-->src\main\AndroidManifest.xml:89:13-48
95            android:label="@string/search_result"
95-->src\main\AndroidManifest.xml:90:13-50
96            android:screenOrientation="portrait"
96-->src\main\AndroidManifest.xml:91:13-49
97            android:windowSoftInputMode="stateHidden" />
97-->src\main\AndroidManifest.xml:92:13-54
98        <activity
98-->src\main\AndroidManifest.xml:93:9-98:57
99            android:name="com.senao.warehouse.ui.ConnectionSettingActivity"
99-->src\main\AndroidManifest.xml:94:13-57
100            android:configChanges="orientation"
100-->src\main\AndroidManifest.xml:95:13-48
101            android:label="@string/title_activity_connection_setting"
101-->src\main\AndroidManifest.xml:96:13-70
102            android:screenOrientation="portrait"
102-->src\main\AndroidManifest.xml:97:13-49
103            android:windowSoftInputMode="stateHidden" />
103-->src\main\AndroidManifest.xml:98:13-54
104        <activity
104-->src\main\AndroidManifest.xml:99:9-104:57
105            android:name="com.senao.warehouse.ui.ConnectionSettingMActivity"
105-->src\main\AndroidManifest.xml:100:13-58
106            android:configChanges="orientation"
106-->src\main\AndroidManifest.xml:101:13-48
107            android:label="@string/title_activity_connection_setting"
107-->src\main\AndroidManifest.xml:102:13-70
108            android:screenOrientation="portrait"
108-->src\main\AndroidManifest.xml:103:13-49
109            android:windowSoftInputMode="stateHidden" />
109-->src\main\AndroidManifest.xml:104:13-54
110        <activity
110-->src\main\AndroidManifest.xml:107:9-112:57
111            android:name="com.senao.warehouse.ui.MenuActivity"
111-->src\main\AndroidManifest.xml:108:13-44
112            android:configChanges="orientation"
112-->src\main\AndroidManifest.xml:109:13-48
113            android:label="@string/title_activity_menu"
113-->src\main\AndroidManifest.xml:110:13-56
114            android:screenOrientation="portrait"
114-->src\main\AndroidManifest.xml:111:13-49
115            android:windowSoftInputMode="stateHidden" />
115-->src\main\AndroidManifest.xml:112:13-54
116        <activity
116-->src\main\AndroidManifest.xml:113:9-118:57
117            android:name="com.senao.warehouse.ui.BakeStartActivity"
117-->src\main\AndroidManifest.xml:114:13-49
118            android:configChanges="orientation"
118-->src\main\AndroidManifest.xml:115:13-48
119            android:label="@string/title_activity_menu"
119-->src\main\AndroidManifest.xml:116:13-56
120            android:screenOrientation="portrait"
120-->src\main\AndroidManifest.xml:117:13-49
121            android:windowSoftInputMode="stateHidden" />
121-->src\main\AndroidManifest.xml:118:13-54
122        <activity
122-->src\main\AndroidManifest.xml:119:9-124:57
123            android:name="com.senao.warehouse.ui.HumiditySensorStatusControlActivity"
123-->src\main\AndroidManifest.xml:120:13-67
124            android:configChanges="orientation"
124-->src\main\AndroidManifest.xml:121:13-48
125            android:label="@string/title_activity_menu"
125-->src\main\AndroidManifest.xml:122:13-56
126            android:screenOrientation="portrait"
126-->src\main\AndroidManifest.xml:123:13-49
127            android:windowSoftInputMode="stateHidden" />
127-->src\main\AndroidManifest.xml:124:13-54
128        <activity
128-->src\main\AndroidManifest.xml:125:9-130:57
129            android:name="com.senao.warehouse.ui.BakeCompleteActivity"
129-->src\main\AndroidManifest.xml:126:13-52
130            android:configChanges="orientation"
130-->src\main\AndroidManifest.xml:127:13-48
131            android:label="@string/title_activity_menu"
131-->src\main\AndroidManifest.xml:128:13-56
132            android:screenOrientation="portrait"
132-->src\main\AndroidManifest.xml:129:13-49
133            android:windowSoftInputMode="stateHidden" />
133-->src\main\AndroidManifest.xml:130:13-54
134        <activity
134-->src\main\AndroidManifest.xml:131:9-136:57
135            android:name="com.senao.warehouse.ui.BakeQueryActivity"
135-->src\main\AndroidManifest.xml:132:13-49
136            android:configChanges="orientation"
136-->src\main\AndroidManifest.xml:133:13-48
137            android:label="@string/title_activity_menu"
137-->src\main\AndroidManifest.xml:134:13-56
138            android:screenOrientation="portrait"
138-->src\main\AndroidManifest.xml:135:13-49
139            android:windowSoftInputMode="stateHidden" />
139-->src\main\AndroidManifest.xml:136:13-54
140        <activity
140-->src\main\AndroidManifest.xml:137:9-142:57
141            android:name="com.senao.warehouse.ui.BakeReprintActivity"
141-->src\main\AndroidManifest.xml:138:13-51
142            android:configChanges="orientation"
142-->src\main\AndroidManifest.xml:139:13-48
143            android:label="@string/title_activity_menu"
143-->src\main\AndroidManifest.xml:140:13-56
144            android:screenOrientation="portrait"
144-->src\main\AndroidManifest.xml:141:13-49
145            android:windowSoftInputMode="stateHidden" />
145-->src\main\AndroidManifest.xml:142:13-54
146        <activity
146-->src\main\AndroidManifest.xml:143:9-148:57
147            android:name="com.senao.warehouse.ui.BakeActivity"
147-->src\main\AndroidManifest.xml:144:13-44
148            android:configChanges="orientation"
148-->src\main\AndroidManifest.xml:145:13-48
149            android:label="@string/title_activity_menu"
149-->src\main\AndroidManifest.xml:146:13-56
150            android:screenOrientation="portrait"
150-->src\main\AndroidManifest.xml:147:13-49
151            android:windowSoftInputMode="stateHidden" />
151-->src\main\AndroidManifest.xml:148:13-54
152        <activity
152-->src\main\AndroidManifest.xml:149:9-154:57
153            android:name="com.senao.warehouse.ui.ScannerSettingActivity"
153-->src\main\AndroidManifest.xml:150:13-54
154            android:configChanges="orientation"
154-->src\main\AndroidManifest.xml:151:13-48
155            android:label="@string/title_activity_scanner_setting"
155-->src\main\AndroidManifest.xml:152:13-67
156            android:screenOrientation="portrait"
156-->src\main\AndroidManifest.xml:153:13-49
157            android:windowSoftInputMode="stateHidden" />
157-->src\main\AndroidManifest.xml:154:13-54
158        <activity
158-->src\main\AndroidManifest.xml:155:9-160:57
159            android:name="com.senao.warehouse.ui.TestExcelActivity"
159-->src\main\AndroidManifest.xml:156:13-49
160            android:configChanges="orientation"
160-->src\main\AndroidManifest.xml:157:13-48
161            android:label="TEST"
161-->src\main\AndroidManifest.xml:158:13-33
162            android:screenOrientation="portrait"
162-->src\main\AndroidManifest.xml:159:13-49
163            android:windowSoftInputMode="stateHidden" />
163-->src\main\AndroidManifest.xml:160:13-54
164        <activity
164-->src\main\AndroidManifest.xml:163:9-168:57
165            android:name="com.senao.warehouse.ui.ShipmentActivity"
165-->src\main\AndroidManifest.xml:164:13-48
166            android:configChanges="orientation"
166-->src\main\AndroidManifest.xml:165:13-48
167            android:label="@string/title_activity_shipment"
167-->src\main\AndroidManifest.xml:166:13-60
168            android:screenOrientation="portrait"
168-->src\main\AndroidManifest.xml:167:13-49
169            android:windowSoftInputMode="stateHidden" />
169-->src\main\AndroidManifest.xml:168:13-54
170        <activity
170-->src\main\AndroidManifest.xml:169:9-174:57
171            android:name="com.senao.warehouse.ui.ShipmentCartonActivity"
171-->src\main\AndroidManifest.xml:170:13-54
172            android:configChanges="orientation"
172-->src\main\AndroidManifest.xml:171:13-48
173            android:label="@string/title_activity_shipment_carton"
173-->src\main\AndroidManifest.xml:172:13-67
174            android:screenOrientation="portrait"
174-->src\main\AndroidManifest.xml:173:13-49
175            android:windowSoftInputMode="stateHidden" />
175-->src\main\AndroidManifest.xml:174:13-54
176        <activity
176-->src\main\AndroidManifest.xml:175:9-180:57
177            android:name="com.senao.warehouse.ui.ShipmentPalletActivity"
177-->src\main\AndroidManifest.xml:176:13-54
178            android:configChanges="orientation"
178-->src\main\AndroidManifest.xml:177:13-48
179            android:label="@string/title_activity_shipment_pallet"
179-->src\main\AndroidManifest.xml:178:13-67
180            android:screenOrientation="portrait"
180-->src\main\AndroidManifest.xml:179:13-49
181            android:windowSoftInputMode="stateHidden" />
181-->src\main\AndroidManifest.xml:180:13-54
182        <activity
182-->src\main\AndroidManifest.xml:181:9-186:57
183            android:name="com.senao.warehouse.ui.TransferRolloverActivity"
183-->src\main\AndroidManifest.xml:182:13-56
184            android:configChanges="orientation"
184-->src\main\AndroidManifest.xml:183:13-48
185            android:label="@string/title_activity_transfer_rollover"
185-->src\main\AndroidManifest.xml:184:13-69
186            android:screenOrientation="portrait"
186-->src\main\AndroidManifest.xml:185:13-49
187            android:windowSoftInputMode="stateHidden" />
187-->src\main\AndroidManifest.xml:186:13-54
188        <activity
188-->src\main\AndroidManifest.xml:187:9-192:57
189            android:name="com.senao.warehouse.ui.ShipmentCreatePalletActivity"
189-->src\main\AndroidManifest.xml:188:13-60
190            android:configChanges="orientation"
190-->src\main\AndroidManifest.xml:189:13-48
191            android:label="@string/title_activity_shipment_create_pallet"
191-->src\main\AndroidManifest.xml:190:13-74
192            android:screenOrientation="portrait"
192-->src\main\AndroidManifest.xml:191:13-49
193            android:windowSoftInputMode="stateHidden" />
193-->src\main\AndroidManifest.xml:192:13-54
194        <activity
194-->src\main\AndroidManifest.xml:193:9-198:57
195            android:name="com.senao.warehouse.ui.ShipmentPickingActivity"
195-->src\main\AndroidManifest.xml:194:13-55
196            android:configChanges="orientation"
196-->src\main\AndroidManifest.xml:195:13-48
197            android:label="@string/title_activity_shipment_picking"
197-->src\main\AndroidManifest.xml:196:13-68
198            android:screenOrientation="portrait"
198-->src\main\AndroidManifest.xml:197:13-49
199            android:windowSoftInputMode="stateHidden" />
199-->src\main\AndroidManifest.xml:198:13-54
200        <activity
200-->src\main\AndroidManifest.xml:199:9-204:57
201            android:name="com.senao.warehouse.ui.ShippingVerifyMainActivity"
201-->src\main\AndroidManifest.xml:200:13-58
202            android:configChanges="orientation"
202-->src\main\AndroidManifest.xml:201:13-48
203            android:label="@string/title_activity_shipping_verify_main"
203-->src\main\AndroidManifest.xml:202:13-72
204            android:screenOrientation="portrait"
204-->src\main\AndroidManifest.xml:203:13-49
205            android:windowSoftInputMode="stateHidden" />
205-->src\main\AndroidManifest.xml:204:13-54
206        <activity
206-->src\main\AndroidManifest.xml:205:9-210:57
207            android:name="com.senao.warehouse.ui.PrinterSettingActivity"
207-->src\main\AndroidManifest.xml:206:13-54
208            android:configChanges="orientation"
208-->src\main\AndroidManifest.xml:207:13-48
209            android:label="@string/title_activity_printer_setting"
209-->src\main\AndroidManifest.xml:208:13-67
210            android:screenOrientation="portrait"
210-->src\main\AndroidManifest.xml:209:13-49
211            android:windowSoftInputMode="stateHidden" />
211-->src\main\AndroidManifest.xml:210:13-54
212        <activity
212-->src\main\AndroidManifest.xml:211:9-216:57
213            android:name="com.senao.warehouse.ui.OverTakeActivity"
213-->src\main\AndroidManifest.xml:212:13-48
214            android:configChanges="orientation"
214-->src\main\AndroidManifest.xml:213:13-48
215            android:label="@string/title_activity_overtake"
215-->src\main\AndroidManifest.xml:214:13-60
216            android:screenOrientation="portrait"
216-->src\main\AndroidManifest.xml:215:13-49
217            android:windowSoftInputMode="stateHidden" />
217-->src\main\AndroidManifest.xml:216:13-54
218        <activity
218-->src\main\AndroidManifest.xml:217:9-222:57
219            android:name="com.senao.warehouse.ui.StockInActivity"
219-->src\main\AndroidManifest.xml:218:13-47
220            android:configChanges="orientation"
220-->src\main\AndroidManifest.xml:219:13-48
221            android:label="@string/title_activity_stock_in"
221-->src\main\AndroidManifest.xml:220:13-60
222            android:screenOrientation="portrait"
222-->src\main\AndroidManifest.xml:221:13-49
223            android:windowSoftInputMode="stateHidden" />
223-->src\main\AndroidManifest.xml:222:13-54
224        <activity
224-->src\main\AndroidManifest.xml:223:9-229:70
225            android:name="com.senao.warehouse.ui.PrintLabelActivity"
225-->src\main\AndroidManifest.xml:224:13-50
226            android:configChanges="orientation"
226-->src\main\AndroidManifest.xml:225:13-48
227            android:isScrollContainer="true"
227-->src\main\AndroidManifest.xml:226:13-45
228            android:label="@string/title_activity_print_label"
228-->src\main\AndroidManifest.xml:227:13-63
229            android:screenOrientation="portrait"
229-->src\main\AndroidManifest.xml:228:13-49
230            android:windowSoftInputMode="stateHidden|adjustResize" />
230-->src\main\AndroidManifest.xml:229:13-67
231        <activity
231-->src\main\AndroidManifest.xml:230:9-235:57
232            android:name="com.senao.warehouse.ui.StockInProcessActivity"
232-->src\main\AndroidManifest.xml:231:13-54
233            android:configChanges="orientation"
233-->src\main\AndroidManifest.xml:232:13-48
234            android:label="@string/title_activity_stock_in_process"
234-->src\main\AndroidManifest.xml:233:13-68
235            android:screenOrientation="portrait"
235-->src\main\AndroidManifest.xml:234:13-49
236            android:windowSoftInputMode="stateHidden" />
236-->src\main\AndroidManifest.xml:235:13-54
237        <activity
237-->src\main\AndroidManifest.xml:236:9-241:57
238            android:name="com.senao.warehouse.ui.ShipmentPalletLabelPrintActivity"
238-->src\main\AndroidManifest.xml:237:13-64
239            android:configChanges="orientation"
239-->src\main\AndroidManifest.xml:238:13-48
240            android:label="@string/title_activity_shipment_pallet_label_print"
240-->src\main\AndroidManifest.xml:239:13-79
241            android:screenOrientation="portrait"
241-->src\main\AndroidManifest.xml:240:13-49
242            android:windowSoftInputMode="stateHidden" />
242-->src\main\AndroidManifest.xml:241:13-54
243        <activity
243-->src\main\AndroidManifest.xml:242:9-247:57
244            android:name="com.senao.warehouse.ui.ShipmentPalletLabelPrintTestActivity"
244-->src\main\AndroidManifest.xml:243:13-68
245            android:configChanges="orientation"
245-->src\main\AndroidManifest.xml:244:13-48
246            android:label="出貨棧板標籤列印-測試"
246-->src\main\AndroidManifest.xml:245:13-40
247            android:screenOrientation="portrait"
247-->src\main\AndroidManifest.xml:246:13-49
248            android:windowSoftInputMode="stateHidden" />
248-->src\main\AndroidManifest.xml:247:13-54
249        <activity
249-->src\main\AndroidManifest.xml:248:9-253:57
250            android:name="com.senao.warehouse.ui.MaterialReceivingActivity"
250-->src\main\AndroidManifest.xml:249:13-57
251            android:configChanges="orientation"
251-->src\main\AndroidManifest.xml:250:13-48
252            android:label="@string/title_activity_material_receiving"
252-->src\main\AndroidManifest.xml:251:13-70
253            android:screenOrientation="portrait"
253-->src\main\AndroidManifest.xml:252:13-49
254            android:windowSoftInputMode="stateHidden" />
254-->src\main\AndroidManifest.xml:253:13-54
255        <activity
255-->src\main\AndroidManifest.xml:254:9-259:57
256            android:name="com.senao.warehouse.ui.MaterialReceivingListActivity"
256-->src\main\AndroidManifest.xml:255:13-61
257            android:configChanges="orientation"
257-->src\main\AndroidManifest.xml:256:13-48
258            android:label="@string/title_activity_material_receiving_list"
258-->src\main\AndroidManifest.xml:257:13-75
259            android:screenOrientation="portrait"
259-->src\main\AndroidManifest.xml:258:13-49
260            android:windowSoftInputMode="stateHidden" />
260-->src\main\AndroidManifest.xml:259:13-54
261        <activity
261-->src\main\AndroidManifest.xml:260:9-265:57
262            android:name="com.senao.warehouse.ui.MaterialReceivingProcessActivity"
262-->src\main\AndroidManifest.xml:261:13-64
263            android:configChanges="orientation"
263-->src\main\AndroidManifest.xml:262:13-48
264            android:label="@string/title_activity_material_receiving_process"
264-->src\main\AndroidManifest.xml:263:13-78
265            android:screenOrientation="portrait"
265-->src\main\AndroidManifest.xml:264:13-49
266            android:windowSoftInputMode="stateHidden" />
266-->src\main\AndroidManifest.xml:265:13-54
267        <activity
267-->src\main\AndroidManifest.xml:266:9-271:57
268            android:name="com.senao.warehouse.ui.MaterialSendingActivity"
268-->src\main\AndroidManifest.xml:267:13-55
269            android:configChanges="orientation"
269-->src\main\AndroidManifest.xml:268:13-48
270            android:label="@string/title_activity_material_sending"
270-->src\main\AndroidManifest.xml:269:13-68
271            android:screenOrientation="portrait"
271-->src\main\AndroidManifest.xml:270:13-49
272            android:windowSoftInputMode="stateHidden" />
272-->src\main\AndroidManifest.xml:271:13-54
273        <activity
273-->src\main\AndroidManifest.xml:272:9-277:57
274            android:name="com.senao.warehouse.ui.MaterialSendingListActivity"
274-->src\main\AndroidManifest.xml:273:13-59
275            android:configChanges="orientation"
275-->src\main\AndroidManifest.xml:274:13-48
276            android:label="@string/title_activity_material_sending_list"
276-->src\main\AndroidManifest.xml:275:13-73
277            android:screenOrientation="portrait"
277-->src\main\AndroidManifest.xml:276:13-49
278            android:windowSoftInputMode="stateHidden" />
278-->src\main\AndroidManifest.xml:277:13-54
279        <activity
279-->src\main\AndroidManifest.xml:278:9-283:57
280            android:name="com.senao.warehouse.ui.MaterialSendingProcessActivity"
280-->src\main\AndroidManifest.xml:279:13-62
281            android:configChanges="orientation"
281-->src\main\AndroidManifest.xml:280:13-48
282            android:label="@string/title_activity_material_sending_process"
282-->src\main\AndroidManifest.xml:281:13-76
283            android:screenOrientation="portrait"
283-->src\main\AndroidManifest.xml:282:13-49
284            android:windowSoftInputMode="stateHidden" />
284-->src\main\AndroidManifest.xml:283:13-54
285        <activity
285-->src\main\AndroidManifest.xml:284:9-289:57
286            android:name="com.senao.warehouse.ui.MaterialSendingTransferActivity"
286-->src\main\AndroidManifest.xml:285:13-63
287            android:configChanges="orientation"
287-->src\main\AndroidManifest.xml:286:13-48
288            android:label="@string/title_activity_material_sending_transfer"
288-->src\main\AndroidManifest.xml:287:13-77
289            android:screenOrientation="portrait"
289-->src\main\AndroidManifest.xml:288:13-49
290            android:windowSoftInputMode="stateHidden" />
290-->src\main\AndroidManifest.xml:289:13-54
291        <activity
291-->src\main\AndroidManifest.xml:290:9-295:57
292            android:name="com.senao.warehouse.ui.MaterialSendingSubinventoryTransferActivity"
292-->src\main\AndroidManifest.xml:291:13-75
293            android:configChanges="orientation"
293-->src\main\AndroidManifest.xml:292:13-48
294            android:label="@string/title_activity_material_sending_subinventory_transfer"
294-->src\main\AndroidManifest.xml:293:13-90
295            android:screenOrientation="portrait"
295-->src\main\AndroidManifest.xml:294:13-49
296            android:windowSoftInputMode="stateHidden" />
296-->src\main\AndroidManifest.xml:295:13-54
297        <activity
297-->src\main\AndroidManifest.xml:296:9-301:57
298            android:name="com.senao.warehouse.ui.MaterialLackListActivity"
298-->src\main\AndroidManifest.xml:297:13-56
299            android:configChanges="orientation"
299-->src\main\AndroidManifest.xml:298:13-48
300            android:label="@string/title_activity_material_lack_query"
300-->src\main\AndroidManifest.xml:299:13-71
301            android:screenOrientation="portrait"
301-->src\main\AndroidManifest.xml:300:13-49
302            android:windowSoftInputMode="stateHidden" />
302-->src\main\AndroidManifest.xml:301:13-54
303        <activity
303-->src\main\AndroidManifest.xml:302:9-306:57
304            android:name="com.senao.warehouse.ui.BarcodeVerifyActivity"
304-->src\main\AndroidManifest.xml:303:13-53
305            android:configChanges="orientation"
305-->src\main\AndroidManifest.xml:304:13-48
306            android:screenOrientation="portrait"
306-->src\main\AndroidManifest.xml:305:13-49
307            android:windowSoftInputMode="stateHidden" />
307-->src\main\AndroidManifest.xml:306:13-54
308        <activity
308-->src\main\AndroidManifest.xml:307:9-312:57
309            android:name="com.senao.warehouse.ui.RmaPickingActivity"
309-->src\main\AndroidManifest.xml:308:13-50
310            android:configChanges="orientation"
310-->src\main\AndroidManifest.xml:309:13-48
311            android:label="@string/title_activity_rma_picking"
311-->src\main\AndroidManifest.xml:310:13-63
312            android:screenOrientation="portrait"
312-->src\main\AndroidManifest.xml:311:13-49
313            android:windowSoftInputMode="stateHidden" />
313-->src\main\AndroidManifest.xml:312:13-54
314        <activity
314-->src\main\AndroidManifest.xml:313:9-318:57
315            android:name="com.senao.warehouse.ui.WoLabelPrintActivity"
315-->src\main\AndroidManifest.xml:314:13-52
316            android:configChanges="orientation"
316-->src\main\AndroidManifest.xml:315:13-48
317            android:label="@string/title_activity_rma_picking"
317-->src\main\AndroidManifest.xml:316:13-63
318            android:screenOrientation="portrait"
318-->src\main\AndroidManifest.xml:317:13-49
319            android:windowSoftInputMode="stateHidden" />
319-->src\main\AndroidManifest.xml:318:13-54
320        <activity
320-->src\main\AndroidManifest.xml:319:9-324:57
321            android:name="com.senao.warehouse.ui.AcceptanceActivity"
321-->src\main\AndroidManifest.xml:320:13-50
322            android:configChanges="orientation"
322-->src\main\AndroidManifest.xml:321:13-48
323            android:label="@string/title_activity_acceptance"